../../preprocess_model.sh ./model_sources/model-base.pl ./model_sources/*.pl
Fri Mar 15 14:16:28 CET 2024

##### EC1 #####
{ /usr/bin/time -f "\n  real      %E\n  real [s]  %e\n  user [s]  %U\n  sys  [s]  %S\n  mem  [KB] %M\n  avgm [KB] %K" scasp -s0 --dcc ../../model-original-wcache.pl ./ec1.pl ; } 2>&1
NOTE: DCC activates the use of the --prev_forall implementation
% QUERY:?- holdsAt(basal_delivery_enabled,70),happens(patient_bolus_delivery_started,120),happens(patient_bolus_completed,121),happens(patient_bolus_denied_too_soon,123),initiallyP(min_t_between_patient_bolus(X)),X #> 123-121,not_happens(patient_bolus_delivery_started,123).

	ANSWER:	1 (in 598.352 ms)

MODEL:
{ holdsAt(basal_delivery_enabled,70),  happens(basal_delivery_started,60),  happens(start_button_pressed_valid,60),  happens(start_button_pressed,60),  not_holdsAt(pump_running,60),  initiallyN(pump_running),  not_holdsAt(alarm_active,60),  initiallyN(alarm_active),  happens(patient_bolus_delivery_started,120),  happens(patient_bolus_requested_valid,120),  happens(patient_bolus_requested,120),  holdsAt(basal_delivery_enabled,120),  not_happens(patient_bolus_denied_too_soon,120),  not_happensInInc(patient_bolus_denied_too_soon,120,120),  initiallyP(vtbi_hard_limit_over_time(53/2,240)),  initiallyP(basal_flow_rate(1/10)),  initiallyP(basal_flow_rate_MlperHour(6)),  initiallyP(vtbi(1)),  initiallyP(patient_bolus_flow_rate(1)),  initiallyP(patient_bolus_flow_rate_MlperHour(60)),  initiallyP(pump_flow_rate_max(5/3)),  initiallyP(pump_flow_rate_max_MlperHour(100)),  holdsAt(total_drug_delivered(6),120),  trajectory(basal_delivery_enabled,60,total_drug_delivered(6),120),  holdsAt(total_drug_delivered(0),60),  initiallyP(pump_not_running),  trajectory(pump_not_running,0,total_drug_delivered(0),60),  initiallyP(initial_total_drug_delivered(0)),  holdsAt(total_drug_delivered(0),0),  trajectory(pump_not_running,0,total_drug_delivered(0),0),  happens(patient_bolus_completed,121),  not_happensIn(patient_bolus_delivery_started,120,121),  trajectory(patient_bolus_delivery_enabled,120,patient_bolus_drug_delivered(1),121),  holdsAt(patient_bolus_drug_delivered(1),121),  happens(patient_bolus_denied_too_soon,123),  happens(patient_bolus_requested_valid,123),  happens(patient_bolus_requested,123),  holdsAt(basal_delivery_enabled,123),  happens(basal_delivery_started,121),  not_holdsAt(clinician_bolus_is_suspended,121),  initiallyN(clinician_bolus_is_suspended),  initiallyP(min_t_between_patient_bolus(30)),  holdsAt(patient_bolus_delivery_enabled,Var2 | {Var2 #> 120,Var2 #=< 121}),  happens(patient_bolus_delivery_stopped,121),  not_happens(patient_bolus_delivery_started,123),  not_happensInInc(patient_bolus_delivery_started,123,123) }
BINDINGS: 
X = 30


  real      0:01.46
  real [s]  1.46
  user [s]  1.27
  sys  [s]  0.03
  mem  [KB] 30156
  avgm [KB] 0

##### EC7a #####
{ /usr/bin/time -f "\n  real      %E\n  real [s]  %e\n  user [s]  %U\n  sys  [s]  %S\n  mem  [KB] %M\n  avgm [KB] %K" scasp -s0 --dcc ../../model-original-wcache.pl ./ec7a.pl ; } 2>&1
NOTE: DCC activates the use of the --prev_forall implementation
% QUERY:?- holdsAt(basal_delivery_enabled,70),happens(basal_over_infusion_alarm,420),happens(alarm_to_kvo,420),happens(kvo_delivery_started,420),holdsAt(kvo_delivery_enabled,421),holdsAt(alarm_active,421),holdsAt(pump_not_running,421).

no models


  real      0:00.99
  real [s]  0.99
  user [s]  0.77
  sys  [s]  0.05
  mem  [KB] 30208
  avgm [KB] 0

##### EC7b #####
{ /usr/bin/time -f "\n  real      %E\n  real [s]  %e\n  user [s]  %U\n  sys  [s]  %S\n  mem  [KB] %M\n  avgm [KB] %K" scasp -s0 --dcc ../../model-original-wcache.pl ./ec7b.pl ; } 2>&1
NOTE: DCC activates the use of the --prev_forall implementation
% QUERY:?- holdsAt(basal_delivery_enabled,70),happens(basal_over_infusion_alarm,120),happens(alarm_to_kvo,120),happens(kvo_delivery_started,120),holdsAt(kvo_delivery_enabled,121),holdsAt(alarm_active,121),holdsAt(pump_not_running,121).

no models


  real      0:00.87
  real [s]  0.87
  user [s]  0.68
  sys  [s]  0.02
  mem  [KB] 30260
  avgm [KB] 0

##### EC7c #####
{ /usr/bin/time -f "\n  real      %E\n  real [s]  %e\n  user [s]  %U\n  sys  [s]  %S\n  mem  [KB] %M\n  avgm [KB] %K" scasp -s0 --dcc ../../model-original-wcache.pl ./ec7c.pl ; } 2>&1
NOTE: DCC activates the use of the --prev_forall implementation
% QUERY:?- holdsAt(basal_delivery_enabled,70),happens(patient_bolus_delivery_started,T1),T1 #= 119+1/2,happens(bolus_over_infusion_alarm,T2),T2 #= 120+1/6,happens(patient_bolus_halted_alarm,T3),T3 #= 120+1/6,happens(alarm_to_kvo,T4),T4 #= 120+1/6,happens(kvo_delivery_started,T5),T5 #= 120+1/6,holdsAt(kvo_delivery_enabled,121),holdsAt(alarm_active,121),holdsAt(pump_not_running,121).

no models


  real      0:01.24
  real [s]  1.24
  user [s]  1.05
  sys  [s]  0.02
  mem  [KB] 30172
  avgm [KB] 0

##### EC7d #####
{ /usr/bin/time -f "\n  real      %E\n  real [s]  %e\n  user [s]  %U\n  sys  [s]  %S\n  mem  [KB] %M\n  avgm [KB] %K" scasp -s0 --dcc ../../model-original-wcache.pl ./ec7d.pl ; } 2>&1
NOTE: DCC activates the use of the --prev_forall implementation
% QUERY:?- holdsAt(basal_delivery_enabled,70),happens(patient_bolus_delivery_started,T1),T1 #= 119+1/2,happens(bolus_over_infusion_alarm,120),happens(patient_bolus_halted_alarm,120),happens(alarm_to_kvo,120),happens(kvo_delivery_started,120),holdsAt(kvo_delivery_enabled,121),holdsAt(alarm_active,121),holdsAt(pump_not_running,121).

no models


  real      0:02.97
  real [s]  2.97
  user [s]  2.68
  sys  [s]  0.10
  mem  [KB] 32564
  avgm [KB] 0

##### EC7e #####
{ /usr/bin/time -f "\n  real      %E\n  real [s]  %e\n  user [s]  %U\n  sys  [s]  %S\n  mem  [KB] %M\n  avgm [KB] %K" scasp -s0 --dcc ../../model-original-wcache.pl ./ec7e.pl ; } 2>&1
NOTE: DCC activates the use of the --prev_forall implementation
% QUERY:?- holdsAt(basal_delivery_enabled,70),happens(clinician_bolus_delivery_started(30),118),happens(clinician_bolus_over_infusion_alarm,121),happens(clinician_bolus_halted_alarm,121),happens(alarm_to_kvo,121),happens(kvo_delivery_started,121),holdsAt(kvo_delivery_enabled,122),holdsAt(alarm_active,121),holdsAt(pump_not_running,122).

no models


  real      0:01.18
  real [s]  1.18
  user [s]  0.95
  sys  [s]  0.04
  mem  [KB] 30216
  avgm [KB] 0

##### EC7f #####
{ /usr/bin/time -f "\n  real      %E\n  real [s]  %e\n  user [s]  %U\n  sys  [s]  %S\n  mem  [KB] %M\n  avgm [KB] %K" scasp -s0 --dcc ../../model-original-wcache.pl ./ec7f.pl ; } 2>&1
NOTE: DCC activates the use of the --prev_forall implementation
% QUERY:?- holdsAt(basal_delivery_enabled,70),happens(clinician_bolus_delivery_started(30),118),happens(clinician_bolus_over_infusion_alarm,120),happens(clinician_bolus_halted_alarm,120),happens(alarm_to_kvo,120),happens(kvo_delivery_started,120),holdsAt(kvo_delivery_enabled,121),holdsAt(alarm_active,121),holdsAt(pump_not_running,121).

no models


  real      0:02.21
  real [s]  2.21
  user [s]  1.99
  sys  [s]  0.04
  mem  [KB] 30188
  avgm [KB] 0

##### EC8a #####
{ /usr/bin/time -f "\n  real      %E\n  real [s]  %e\n  user [s]  %U\n  sys  [s]  %S\n  mem  [KB] %M\n  avgm [KB] %K" scasp -s0 --dcc ../../model-original-wcache.pl ./ec8a.pl ; } 2>&1
NOTE: DCC activates the use of the --prev_forall implementation
% QUERY:?- holdsAt(basal_delivery_enabled,70),happens(basal_under_infusion_warning,125),holdsAt(basal_delivery_enabled,126).

	ANSWER:	1 (in 192.474 ms)

MODEL:
{ holdsAt(basal_delivery_enabled,70),  happens(basal_delivery_started,60),  happens(start_button_pressed_valid,60),  happens(start_button_pressed,60),  not_holdsAt(pump_running,60),  initiallyN(pump_running),  not_holdsAt(alarm_active,60),  initiallyN(alarm_active),  happens(basal_under_infusion_warning,125),  happens(basal_rate_under_tolerance_valid,120),  happens(basal_rate_under_tolerance,120),  holdsAt(basal_delivery_enabled,120),  not_happensInInc(basal_rate_within_tolerance_valid,120,125),  not_happensInInc(basal_delivery_stopped,120,125),  holdsAt(basal_delivery_enabled,126) }
BINDINGS:


  real      0:01.41
  real [s]  1.41
  user [s]  1.17
  sys  [s]  0.03
  mem  [KB] 30172
  avgm [KB] 0

##### EC8b #####
{ /usr/bin/time -f "\n  real      %E\n  real [s]  %e\n  user [s]  %U\n  sys  [s]  %S\n  mem  [KB] %M\n  avgm [KB] %K" scasp -s0 --dcc ../../model-original-wcache.pl ./ec8b.pl ; } 2>&1
NOTE: DCC activates the use of the --prev_forall implementation
% QUERY:?- holdsAt(basal_delivery_enabled,70),happens(patient_bolus_delivery_started,T1),T1 #= 119+1/2,happens(bolus_under_infusion_warning,T2),T2 #= 120+1/6,holdsAt(patient_bolus_delivery_enabled,T3),T3 #= 120+1/2.

no models


  real      0:01.37
  real [s]  1.37
  user [s]  1.17
  sys  [s]  0.01
  mem  [KB] 30188
  avgm [KB] 0

##### EC8c #####
{ /usr/bin/time -f "\n  real      %E\n  real [s]  %e\n  user [s]  %U\n  sys  [s]  %S\n  mem  [KB] %M\n  avgm [KB] %K" scasp -s0 --dcc ../../model-original-wcache.pl ./ec8c.pl ; } 2>&1
NOTE: DCC activates the use of the --prev_forall implementation
% QUERY:?- holdsAt(basal_delivery_enabled,70),happens(clinician_bolus_delivery_started(30),118),happens(clinician_bolus_under_infusion_warning,121),holdsAt(clinician_bolus_delivery_enabled,122).

no models


  real      0:01.14
  real [s]  1.14
  user [s]  0.91
  sys  [s]  0.03
  mem  [KB] 30216
  avgm [KB] 0

##### EC9a #####
{ /usr/bin/time -f "\n  real      %E\n  real [s]  %e\n  user [s]  %U\n  sys  [s]  %S\n  mem  [KB] %M\n  avgm [KB] %K" scasp -s0 --dcc ../../model-original-wcache.pl ./ec9a.pl ; } 2>&1
NOTE: DCC activates the use of the --prev_forall implementation
% QUERY:?- holdsAt(basal_delivery_enabled,70),happens(pump_overheated_alarm,120),happens(alarm_to_off,120),happens(pump_stopped,120),holdsAt(alarm_active,121),holdsAt(pump_not_running,121).

	ANSWER:	1 (in 130.471 ms)

MODEL:
{ holdsAt(basal_delivery_enabled,70),  happens(basal_delivery_started,60),  happens(start_button_pressed_valid,60),  happens(start_button_pressed,60),  not_holdsAt(pump_running,60),  initiallyN(pump_running),  not_holdsAt(alarm_active,60),  initiallyN(alarm_active),  happens(pump_overheated_alarm,120),  happens(pump_temperature_over_55C_valid,120),  happens(pump_temperature_over_55C,120),  holdsAt(pump_running,120),  happens(pump_started,60),  happens(alarm_to_off,120),  happens(pump_stopped,120),  holdsAt(alarm_active,121),  happens(any_alarm,120),  holdsAt(pump_not_running,121) }
BINDINGS:


  real      0:01.15
  real [s]  1.15
  user [s]  0.87
  sys  [s]  0.07
  mem  [KB] 33748
  avgm [KB] 0

##### EC9b #####
{ /usr/bin/time -f "\n  real      %E\n  real [s]  %e\n  user [s]  %U\n  sys  [s]  %S\n  mem  [KB] %M\n  avgm [KB] %K" scasp -s0 --dcc ../../model-original-wcache.pl ./ec9b.pl ; } 2>&1
NOTE: DCC activates the use of the --prev_forall implementation
% QUERY:?- holdsAt(basal_delivery_enabled,70),happens(patient_bolus_delivery_started,T),T #= 119+1/2,happens(pump_overheated_alarm,120),happens(alarm_to_off,120),happens(pump_stopped,120),holdsAt(alarm_active,121),holdsAt(pump_not_running,121).

	ANSWER:	1 (in 558.231 ms)

MODEL:
{ holdsAt(basal_delivery_enabled,70),  happens(basal_delivery_started,60),  happens(start_button_pressed_valid,60),  happens(start_button_pressed,60),  not_holdsAt(pump_running,60),  initiallyN(pump_running),  not_holdsAt(alarm_active,60),  initiallyN(alarm_active),  happens(patient_bolus_delivery_started,239/2),  happens(patient_bolus_requested_valid,239/2),  happens(patient_bolus_requested,239/2),  holdsAt(basal_delivery_enabled,239/2),  not_happens(patient_bolus_denied_too_soon,239/2),  not_happensInInc(patient_bolus_denied_too_soon,239/2,239/2),  initiallyP(vtbi_hard_limit_over_time(53/2,240)),  initiallyP(basal_flow_rate(1/10)),  initiallyP(basal_flow_rate_MlperHour(6)),  initiallyP(vtbi(1)),  initiallyP(patient_bolus_flow_rate(1)),  initiallyP(patient_bolus_flow_rate_MlperHour(60)),  initiallyP(pump_flow_rate_max(5/3)),  initiallyP(pump_flow_rate_max_MlperHour(100)),  holdsAt(total_drug_delivered(119/20),239/2),  trajectory(basal_delivery_enabled,60,total_drug_delivered(119/20),239/2),  holdsAt(total_drug_delivered(0),60),  initiallyP(pump_not_running),  trajectory(pump_not_running,0,total_drug_delivered(0),60),  initiallyP(initial_total_drug_delivered(0)),  holdsAt(total_drug_delivered(0),0),  trajectory(pump_not_running,0,total_drug_delivered(0),0),  happens(pump_overheated_alarm,120),  happens(pump_temperature_over_55C_valid,120),  happens(pump_temperature_over_55C,120),  holdsAt(pump_running,120),  happens(pump_started,60),  happens(alarm_to_off,120),  happens(pump_stopped,120),  holdsAt(alarm_active,121),  happens(any_alarm,120),  holdsAt(pump_not_running,121) }
BINDINGS: 
T = 239/2


  real      0:01.78
  real [s]  1.78
  user [s]  1.43
  sys  [s]  0.09
  mem  [KB] 30196
  avgm [KB] 0

##### EC9c #####
{ /usr/bin/time -f "\n  real      %E\n  real [s]  %e\n  user [s]  %U\n  sys  [s]  %S\n  mem  [KB] %M\n  avgm [KB] %K" scasp -s0 --dcc ../../model-original-wcache.pl ./ec9c.pl ; } 2>&1
NOTE: DCC activates the use of the --prev_forall implementation
% QUERY:?- holdsAt(basal_delivery_enabled,70),happens(clinician_bolus_delivery_started(30),118),happens(pump_overheated_alarm,120),happens(alarm_to_off,120),happens(pump_stopped,120),holdsAt(alarm_active,121),holdsAt(pump_not_running,121).

	ANSWER:	1 (in 215.247 ms)

MODEL:
{ holdsAt(basal_delivery_enabled,70),  happens(basal_delivery_started,60),  happens(start_button_pressed_valid,60),  happens(start_button_pressed,60),  not_holdsAt(pump_running,60),  initiallyN(pump_running),  not_holdsAt(alarm_active,60),  initiallyN(alarm_active),  happens(clinician_bolus_delivery_started(30),118),  happens(clinician_bolus_requested_valid(30),118),  happens(clinician_bolus_requested(30),118),  initiallyP(min_t_between_patient_bolus(30)),  holdsAt(basal_delivery_enabled,118),  happens(pump_overheated_alarm,120),  happens(pump_temperature_over_55C_valid,120),  happens(pump_temperature_over_55C,120),  holdsAt(pump_running,120),  happens(pump_started,60),  happens(alarm_to_off,120),  happens(pump_stopped,120),  holdsAt(alarm_active,121),  happens(any_alarm,120),  holdsAt(pump_not_running,121) }
BINDINGS:


  real      0:01.16
  real [s]  1.16
  user [s]  0.96
  sys  [s]  0.02
  mem  [KB] 30212
  avgm [KB] 0

##### EC10a #####
{ /usr/bin/time -f "\n  real      %E\n  real [s]  %e\n  user [s]  %U\n  sys  [s]  %S\n  mem  [KB] %M\n  avgm [KB] %K" scasp -s0 --dcc ../../model-original-wcache.pl ./ec10a.pl ; } 2>&1
NOTE: DCC activates the use of the --prev_forall implementation
% QUERY:?- holdsAt(basal_delivery_enabled,70),happens(downstream_occlusion_alarm,120),happens(alarm_to_off,120),happens(pump_stopped,120),holdsAt(alarm_active,121),holdsAt(pump_not_running,121).

	ANSWER:	1 (in 262.4 ms)

MODEL:
{ holdsAt(basal_delivery_enabled,70),  happens(basal_delivery_started,60),  happens(start_button_pressed_valid,60),  happens(start_button_pressed,60),  not_holdsAt(pump_running,60),  initiallyN(pump_running),  not_holdsAt(alarm_active,60),  initiallyN(alarm_active),  happens(downstream_occlusion_alarm,120),  happens(downstream_occlusion_detected_valid,120),  happens(downstream_occlusion_detected,120),  holdsAt(pump_running,120),  happens(pump_started,60),  happens(alarm_to_off,120),  happens(pump_stopped,120),  holdsAt(alarm_active,121),  happens(any_alarm,120),  holdsAt(pump_not_running,121) }
BINDINGS:


  real      0:01.24
  real [s]  1.24
  user [s]  1.01
  sys  [s]  0.05
  mem  [KB] 30104
  avgm [KB] 0

##### EC10b #####
{ /usr/bin/time -f "\n  real      %E\n  real [s]  %e\n  user [s]  %U\n  sys  [s]  %S\n  mem  [KB] %M\n  avgm [KB] %K" scasp -s0 --dcc ../../model-original-wcache.pl ./ec10b.pl ; } 2>&1
NOTE: DCC activates the use of the --prev_forall implementation
% QUERY:?- holdsAt(basal_delivery_enabled,70),happens(patient_bolus_delivery_started,T),T #= 119+1/2,happens(downstream_occlusion_alarm,120),happens(alarm_to_off,120),happens(pump_stopped,120),holdsAt(alarm_active,121),holdsAt(pump_not_running,121).

	ANSWER:	1 (in 373.061 ms)

MODEL:
{ holdsAt(basal_delivery_enabled,70),  happens(basal_delivery_started,60),  happens(start_button_pressed_valid,60),  happens(start_button_pressed,60),  not_holdsAt(pump_running,60),  initiallyN(pump_running),  not_holdsAt(alarm_active,60),  initiallyN(alarm_active),  happens(patient_bolus_delivery_started,239/2),  happens(patient_bolus_requested_valid,239/2),  happens(patient_bolus_requested,239/2),  holdsAt(basal_delivery_enabled,239/2),  not_happens(patient_bolus_denied_too_soon,239/2),  not_happensInInc(patient_bolus_denied_too_soon,239/2,239/2),  initiallyP(vtbi_hard_limit_over_time(53/2,240)),  initiallyP(basal_flow_rate(1/10)),  initiallyP(basal_flow_rate_MlperHour(6)),  initiallyP(vtbi(1)),  initiallyP(patient_bolus_flow_rate(1)),  initiallyP(patient_bolus_flow_rate_MlperHour(60)),  initiallyP(pump_flow_rate_max(5/3)),  initiallyP(pump_flow_rate_max_MlperHour(100)),  holdsAt(total_drug_delivered(119/20),239/2),  trajectory(basal_delivery_enabled,60,total_drug_delivered(119/20),239/2),  holdsAt(total_drug_delivered(0),60),  initiallyP(pump_not_running),  trajectory(pump_not_running,0,total_drug_delivered(0),60),  initiallyP(initial_total_drug_delivered(0)),  holdsAt(total_drug_delivered(0),0),  trajectory(pump_not_running,0,total_drug_delivered(0),0),  happens(downstream_occlusion_alarm,120),  happens(downstream_occlusion_detected_valid,120),  happens(downstream_occlusion_detected,120),  holdsAt(pump_running,120),  happens(pump_started,60),  happens(alarm_to_off,120),  happens(pump_stopped,120),  holdsAt(alarm_active,121),  happens(any_alarm,120),  holdsAt(pump_not_running,121) }
BINDINGS: 
T = 239/2


  real      0:01.68
  real [s]  1.68
  user [s]  1.37
  sys  [s]  0.12
  mem  [KB] 30184
  avgm [KB] 0

##### EC10c #####
{ /usr/bin/time -f "\n  real      %E\n  real [s]  %e\n  user [s]  %U\n  sys  [s]  %S\n  mem  [KB] %M\n  avgm [KB] %K" scasp -s0 --dcc ../../model-original-wcache.pl ./ec10c.pl ; } 2>&1
NOTE: DCC activates the use of the --prev_forall implementation
% QUERY:?- holdsAt(basal_delivery_enabled,70),happens(clinician_bolus_delivery_started(30),118),happens(downstream_occlusion_alarm,120),happens(alarm_to_off,120),happens(pump_stopped,120),holdsAt(alarm_active,121),holdsAt(pump_not_running,121).

	ANSWER:	1 (in 227.904 ms)

MODEL:
{ holdsAt(basal_delivery_enabled,70),  happens(basal_delivery_started,60),  happens(start_button_pressed_valid,60),  happens(start_button_pressed,60),  not_holdsAt(pump_running,60),  initiallyN(pump_running),  not_holdsAt(alarm_active,60),  initiallyN(alarm_active),  happens(clinician_bolus_delivery_started(30),118),  happens(clinician_bolus_requested_valid(30),118),  happens(clinician_bolus_requested(30),118),  initiallyP(min_t_between_patient_bolus(30)),  holdsAt(basal_delivery_enabled,118),  happens(downstream_occlusion_alarm,120),  happens(downstream_occlusion_detected_valid,120),  happens(downstream_occlusion_detected,120),  holdsAt(pump_running,120),  happens(pump_started,60),  happens(alarm_to_off,120),  happens(pump_stopped,120),  holdsAt(alarm_active,121),  happens(any_alarm,120),  holdsAt(pump_not_running,121) }
BINDINGS:


  real      0:01.23
  real [s]  1.23
  user [s]  0.98
  sys  [s]  0.06
  mem  [KB] 30224
  avgm [KB] 0

##### EC11a #####
{ /usr/bin/time -f "\n  real      %E\n  real [s]  %e\n  user [s]  %U\n  sys  [s]  %S\n  mem  [KB] %M\n  avgm [KB] %K" scasp -s0 --dcc ../../model-original-wcache.pl ./ec11a.pl ; } 2>&1
NOTE: DCC activates the use of the --prev_forall implementation
% QUERY:?- holdsAt(basal_delivery_enabled,70),happens(upstream_occlusion_alarm,120),happens(alarm_to_off,120),happens(pump_stopped,120),holdsAt(alarm_active,121),holdsAt(pump_not_running,121).

	ANSWER:	1 (in 287.265 ms)

MODEL:
{ holdsAt(basal_delivery_enabled,70),  happens(basal_delivery_started,60),  happens(start_button_pressed_valid,60),  happens(start_button_pressed,60),  not_holdsAt(pump_running,60),  initiallyN(pump_running),  not_holdsAt(alarm_active,60),  initiallyN(alarm_active),  happens(upstream_occlusion_alarm,120),  happens(upstream_occlusion_detected_valid,120),  happens(upstream_occlusion_detected,120),  holdsAt(pump_running,120),  happens(pump_started,60),  happens(alarm_to_off,120),  happens(pump_stopped,120),  holdsAt(alarm_active,121),  happens(any_alarm,120),  holdsAt(pump_not_running,121) }
BINDINGS:


  real      0:01.31
  real [s]  1.31
  user [s]  1.08
  sys  [s]  0.04
  mem  [KB] 30248
  avgm [KB] 0

##### EC11b #####
{ /usr/bin/time -f "\n  real      %E\n  real [s]  %e\n  user [s]  %U\n  sys  [s]  %S\n  mem  [KB] %M\n  avgm [KB] %K" scasp -s0 --dcc ../../model-original-wcache.pl ./ec11b.pl ; } 2>&1
NOTE: DCC activates the use of the --prev_forall implementation
% QUERY:?- holdsAt(basal_delivery_enabled,70),happens(patient_bolus_delivery_started,T),T #= 119+1/2,happens(upstream_occlusion_alarm,120),happens(alarm_to_off,120),happens(pump_stopped,120),holdsAt(alarm_active,121),holdsAt(pump_not_running,121).

	ANSWER:	1 (in 274.774 ms)

MODEL:
{ holdsAt(basal_delivery_enabled,70),  happens(basal_delivery_started,60),  happens(start_button_pressed_valid,60),  happens(start_button_pressed,60),  not_holdsAt(pump_running,60),  initiallyN(pump_running),  not_holdsAt(alarm_active,60),  initiallyN(alarm_active),  happens(patient_bolus_delivery_started,239/2),  happens(patient_bolus_requested_valid,239/2),  happens(patient_bolus_requested,239/2),  holdsAt(basal_delivery_enabled,239/2),  not_happens(patient_bolus_denied_too_soon,239/2),  not_happensInInc(patient_bolus_denied_too_soon,239/2,239/2),  initiallyP(vtbi_hard_limit_over_time(53/2,240)),  initiallyP(basal_flow_rate(1/10)),  initiallyP(basal_flow_rate_MlperHour(6)),  initiallyP(vtbi(1)),  initiallyP(patient_bolus_flow_rate(1)),  initiallyP(patient_bolus_flow_rate_MlperHour(60)),  initiallyP(pump_flow_rate_max(5/3)),  initiallyP(pump_flow_rate_max_MlperHour(100)),  holdsAt(total_drug_delivered(119/20),239/2),  trajectory(basal_delivery_enabled,60,total_drug_delivered(119/20),239/2),  holdsAt(total_drug_delivered(0),60),  initiallyP(pump_not_running),  trajectory(pump_not_running,0,total_drug_delivered(0),60),  initiallyP(initial_total_drug_delivered(0)),  holdsAt(total_drug_delivered(0),0),  trajectory(pump_not_running,0,total_drug_delivered(0),0),  happens(upstream_occlusion_alarm,120),  happens(upstream_occlusion_detected_valid,120),  happens(upstream_occlusion_detected,120),  holdsAt(pump_running,120),  happens(pump_started,60),  happens(alarm_to_off,120),  happens(pump_stopped,120),  holdsAt(alarm_active,121),  happens(any_alarm,120),  holdsAt(pump_not_running,121) }
BINDINGS: 
T = 239/2


  real      0:01.36
  real [s]  1.36
  user [s]  1.16
  sys  [s]  0.02
  mem  [KB] 33676
  avgm [KB] 0

##### EC11c #####
{ /usr/bin/time -f "\n  real      %E\n  real [s]  %e\n  user [s]  %U\n  sys  [s]  %S\n  mem  [KB] %M\n  avgm [KB] %K" scasp -s0 --dcc ../../model-original-wcache.pl ./ec11c.pl ; } 2>&1
NOTE: DCC activates the use of the --prev_forall implementation
% QUERY:?- holdsAt(basal_delivery_enabled,70),happens(clinician_bolus_delivery_started(30),118),happens(upstream_occlusion_alarm,120),happens(alarm_to_off,120),happens(pump_stopped,120),holdsAt(alarm_active,121),holdsAt(pump_not_running,121).

	ANSWER:	1 (in 213.852 ms)

MODEL:
{ holdsAt(basal_delivery_enabled,70),  happens(basal_delivery_started,60),  happens(start_button_pressed_valid,60),  happens(start_button_pressed,60),  not_holdsAt(pump_running,60),  initiallyN(pump_running),  not_holdsAt(alarm_active,60),  initiallyN(alarm_active),  happens(clinician_bolus_delivery_started(30),118),  happens(clinician_bolus_requested_valid(30),118),  happens(clinician_bolus_requested(30),118),  initiallyP(min_t_between_patient_bolus(30)),  holdsAt(basal_delivery_enabled,118),  happens(upstream_occlusion_alarm,120),  happens(upstream_occlusion_detected_valid,120),  happens(upstream_occlusion_detected,120),  holdsAt(pump_running,120),  happens(pump_started,60),  happens(alarm_to_off,120),  happens(pump_stopped,120),  holdsAt(alarm_active,121),  happens(any_alarm,120),  holdsAt(pump_not_running,121) }
BINDINGS:


  real      0:01.24
  real [s]  1.24
  user [s]  0.97
  sys  [s]  0.06
  mem  [KB] 30248
  avgm [KB] 0

##### EC12a #####
{ /usr/bin/time -f "\n  real      %E\n  real [s]  %e\n  user [s]  %U\n  sys  [s]  %S\n  mem  [KB] %M\n  avgm [KB] %K" scasp -s0 --dcc ../../model-original-wcache.pl ./ec12a.pl ; } 2>&1
NOTE: DCC activates the use of the --prev_forall implementation
% QUERY:?- holdsAt(basal_delivery_enabled,70),happens(airinline_alarm,120),happens(alarm_to_off,120),happens(pump_stopped,120),holdsAt(alarm_active,121),holdsAt(pump_not_running,121).

	ANSWER:	1 (in 167.031 ms)

MODEL:
{ holdsAt(basal_delivery_enabled,70),  happens(basal_delivery_started,60),  happens(start_button_pressed_valid,60),  happens(start_button_pressed,60),  not_holdsAt(pump_running,60),  initiallyN(pump_running),  not_holdsAt(alarm_active,60),  initiallyN(alarm_active),  happens(airinline_alarm,120),  happens(airinline_embolism_detected_valid,120),  happens(airinline_embolism_detected,120),  holdsAt(pump_running,120),  happens(pump_started,60),  happens(alarm_to_off,120),  happens(pump_stopped,120),  holdsAt(alarm_active,121),  happens(any_alarm,120),  holdsAt(pump_not_running,121) }
BINDINGS:


  real      0:01.19
  real [s]  1.19
  user [s]  0.97
  sys  [s]  0.02
  mem  [KB] 30248
  avgm [KB] 0

##### EC12b #####
{ /usr/bin/time -f "\n  real      %E\n  real [s]  %e\n  user [s]  %U\n  sys  [s]  %S\n  mem  [KB] %M\n  avgm [KB] %K" scasp -s0 --dcc ../../model-original-wcache.pl ./ec12b.pl ; } 2>&1
NOTE: DCC activates the use of the --prev_forall implementation
% QUERY:?- holdsAt(basal_delivery_enabled,70),happens(patient_bolus_delivery_started,T),T #= 119+1/2,happens(airinline_alarm,120),happens(alarm_to_off,120),happens(pump_stopped,120),holdsAt(alarm_active,121),holdsAt(pump_not_running,121).

	ANSWER:	1 (in 271.112 ms)

MODEL:
{ holdsAt(basal_delivery_enabled,70),  happens(basal_delivery_started,60),  happens(start_button_pressed_valid,60),  happens(start_button_pressed,60),  not_holdsAt(pump_running,60),  initiallyN(pump_running),  not_holdsAt(alarm_active,60),  initiallyN(alarm_active),  happens(patient_bolus_delivery_started,239/2),  happens(patient_bolus_requested_valid,239/2),  happens(patient_bolus_requested,239/2),  holdsAt(basal_delivery_enabled,239/2),  not_happens(patient_bolus_denied_too_soon,239/2),  not_happensInInc(patient_bolus_denied_too_soon,239/2,239/2),  initiallyP(vtbi_hard_limit_over_time(53/2,240)),  initiallyP(basal_flow_rate(1/10)),  initiallyP(basal_flow_rate_MlperHour(6)),  initiallyP(vtbi(1)),  initiallyP(patient_bolus_flow_rate(1)),  initiallyP(patient_bolus_flow_rate_MlperHour(60)),  initiallyP(pump_flow_rate_max(5/3)),  initiallyP(pump_flow_rate_max_MlperHour(100)),  holdsAt(total_drug_delivered(119/20),239/2),  trajectory(basal_delivery_enabled,60,total_drug_delivered(119/20),239/2),  holdsAt(total_drug_delivered(0),60),  initiallyP(pump_not_running),  trajectory(pump_not_running,0,total_drug_delivered(0),60),  initiallyP(initial_total_drug_delivered(0)),  holdsAt(total_drug_delivered(0),0),  trajectory(pump_not_running,0,total_drug_delivered(0),0),  happens(airinline_alarm,120),  happens(airinline_embolism_detected_valid,120),  happens(airinline_embolism_detected,120),  holdsAt(pump_running,120),  happens(pump_started,60),  happens(alarm_to_off,120),  happens(pump_stopped,120),  holdsAt(alarm_active,121),  happens(any_alarm,120),  holdsAt(pump_not_running,121) }
BINDINGS: 
T = 239/2


  real      0:01.33
  real [s]  1.33
  user [s]  1.09
  sys  [s]  0.06
  mem  [KB] 30248
  avgm [KB] 0

##### EC12c #####
{ /usr/bin/time -f "\n  real      %E\n  real [s]  %e\n  user [s]  %U\n  sys  [s]  %S\n  mem  [KB] %M\n  avgm [KB] %K" scasp -s0 --dcc ../../model-original-wcache.pl ./ec12c.pl ; } 2>&1
NOTE: DCC activates the use of the --prev_forall implementation
% QUERY:?- holdsAt(basal_delivery_enabled,70),happens(clinician_bolus_delivery_started(30),118),happens(airinline_alarm,120),happens(alarm_to_off,120),happens(pump_stopped,120),holdsAt(alarm_active,121),holdsAt(pump_not_running,121).

	ANSWER:	1 (in 193.008 ms)

MODEL:
{ holdsAt(basal_delivery_enabled,70),  happens(basal_delivery_started,60),  happens(start_button_pressed_valid,60),  happens(start_button_pressed,60),  not_holdsAt(pump_running,60),  initiallyN(pump_running),  not_holdsAt(alarm_active,60),  initiallyN(alarm_active),  happens(clinician_bolus_delivery_started(30),118),  happens(clinician_bolus_requested_valid(30),118),  happens(clinician_bolus_requested(30),118),  initiallyP(min_t_between_patient_bolus(30)),  holdsAt(basal_delivery_enabled,118),  happens(airinline_alarm,120),  happens(airinline_embolism_detected_valid,120),  happens(airinline_embolism_detected,120),  holdsAt(pump_running,120),  happens(pump_started,60),  happens(alarm_to_off,120),  happens(pump_stopped,120),  holdsAt(alarm_active,121),  happens(any_alarm,120),  holdsAt(pump_not_running,121) }
BINDINGS:


  real      0:01.45
  real [s]  1.45
  user [s]  1.12
  sys  [s]  0.07
  mem  [KB] 30212
  avgm [KB] 0

##### EC20a #####
{ /usr/bin/time -f "\n  real      %E\n  real [s]  %e\n  user [s]  %U\n  sys  [s]  %S\n  mem  [KB] %M\n  avgm [KB] %K" scasp -s0 --dcc ../../model-original-wcache.pl ./ec20a.pl ; } 2>&1
NOTE: DCC activates the use of the --prev_forall implementation
% QUERY:?- holdsAt(basal_delivery_enabled,70),initiallyP(low_reservoir_treshold(Low)),holdsAt(drug_reservoir_contents(Low),120),happens(low_reservoir_warning,120),holdsAt(basal_delivery_enabled,121),initiallyP(basal_flow_rate(F)),holdsAt(drug_flow_rate(F),121).

no models


  real      0:01.60
  real [s]  1.60
  user [s]  1.31
  sys  [s]  0.08
  mem  [KB] 30200
  avgm [KB] 0

##### EC20b #####
{ /usr/bin/time -f "\n  real      %E\n  real [s]  %e\n  user [s]  %U\n  sys  [s]  %S\n  mem  [KB] %M\n  avgm [KB] %K" scasp -s0 --dcc ../../model-original-wcache.pl ./ec20b.pl ; } 2>&1
NOTE: DCC activates the use of the --prev_forall implementation
% QUERY:?- holdsAt(basal_delivery_enabled,70),happens(patient_bolus_delivery_started,T),T #= 119+1/2,initiallyP(low_reservoir_treshold(Low)),holdsAt(drug_reservoir_contents(Low),120),happens(low_reservoir_warning,120),happens(patient_bolus_delivery_stopped,120),happens(basal_delivery_started,121),holdsAt(basal_delivery_enabled,121),initiallyP(basal_flow_rate(F)),holdsAt(drug_flow_rate(F),121).

no models


  real      0:05.08
  real [s]  5.08
  user [s]  4.90
  sys  [s]  0.01
  mem  [KB] 33252
  avgm [KB] 0

##### EC20c #####
{ /usr/bin/time -f "\n  real      %E\n  real [s]  %e\n  user [s]  %U\n  sys  [s]  %S\n  mem  [KB] %M\n  avgm [KB] %K" scasp -s0 --dcc ../../model-original-wcache.pl ./ec20c.pl ; } 2>&1
NOTE: DCC activates the use of the --prev_forall implementation
% QUERY:?- holdsAt(basal_delivery_enabled,70),happens(clinician_bolus_delivery_started(30),105),initiallyP(low_reservoir_treshold(Low)),holdsAt(drug_reservoir_contents(Low),120),happens(low_reservoir_warning,120),happens(clinician_bolus_delivery_stopped,120),happens(basal_delivery_started,121),holdsAt(basal_delivery_enabled,121),initiallyP(basal_flow_rate(F)),holdsAt(drug_flow_rate(F),121).

no models


  real      0:03.99
  real [s]  3.99
  user [s]  3.78
  sys  [s]  0.03
  mem  [KB] 30264
  avgm [KB] 0

##### EC21 #####
{ /usr/bin/time -f "\n  real      %E\n  real [s]  %e\n  user [s]  %U\n  sys  [s]  %S\n  mem  [KB] %M\n  avgm [KB] %K" scasp -s0 --dcc ../../model-original-wcache.pl ./ec21.pl ; } 2>&1
NOTE: DCC activates the use of the --prev_forall implementation
% QUERY:?- holdsAt(basal_delivery_enabled,70),initiallyP(low_reservoir_treshold(Low)),holdsAt(drug_reservoir_contents(Low),120),happens(low_reservoir_warning,120),initiallyP(empty_reservoir_treshold(Empty)),holdsAt(drug_reservoir_contents(Empty),150),happens(empty_reservoir_alarm,150),holdsAt(alarm_active,151),holdsAt(pump_not_running,151),holdsAt(drug_flow_rate(0),151).

	ANSWER:	1 (in 15297.882 ms)

MODEL:
{ holdsAt(basal_delivery_enabled,70),  happens(basal_delivery_started,60),  happens(start_button_pressed_valid,60),  happens(start_button_pressed,60),  not_holdsAt(pump_running,60),  initiallyN(pump_running),  not_holdsAt(alarm_active,60),  initiallyN(alarm_active),  initiallyP(low_reservoir_treshold(1)),  holdsAt(drug_reservoir_contents(1),120),  initiallyP(initial_drug_reservoir_contents(7)),  holdsAt(total_drug_delivered(6),120),  trajectory(basal_delivery_enabled,60,total_drug_delivered(6),120),  initiallyP(basal_flow_rate(1/10)),  initiallyP(basal_flow_rate_MlperHour(6)),  holdsAt(total_drug_delivered(0),60),  initiallyP(pump_not_running),  trajectory(pump_not_running,0,total_drug_delivered(0),60),  initiallyP(initial_total_drug_delivered(0)),  happens(low_reservoir_warning,120),  happens(basal_halted_low_reservoir,120),  not_happensIn(basal_delivery_started,60,120),  trajectory(basal_delivery_enabled,60,basal_drug_reservoir(1),120),  holdsAt(drug_reservoir_contents(7),60),  holdsAt(basal_drug_reservoir(1),120),  initiallyP(empty_reservoir_treshold(1/2)),  holdsAt(drug_reservoir_contents(1/2),150),  holdsAt(total_drug_delivered(13/2),150),  happens(kvo_delivery_started,120),  happens(basal_halted_low_reservoir_EFFECT,120),  trajectory(kvo_delivery_enabled,120,total_drug_delivered(13/2),150),  initiallyP(kvo_flow_rate(1/60)),  initiallyP(kvo_flow_rate_MlperHour(1)),  happens(empty_reservoir_alarm,150),  happens(kvo_halted_empty_reservoir,150),  happens(low_reservoir_warning_EFFECT,120),  trajectory(kvo_delivery_enabled,120,kvo_drug_reservoir_2(1/2),150),  holdsAt(kvo_drug_reservoir_2(1/2),150),  holdsAt(alarm_active,151),  happens(empty_reservoir_alarm_EFFECT,150),  holdsAt(pump_not_running,151),  happens(pump_stopped,150),  holdsAt(drug_flow_rate(0),151),  initiallyP(initial_drug_flow_rate(0)) }
BINDINGS: 
Low = 1 
Empty = 1/2


  real      0:16.20
  real [s]  16.20
  user [s]  16.01
  sys  [s]  0.02
  mem  [KB] 36676
  avgm [KB] 0
Fri Mar 15 14:17:26 CET 2024
