../../preprocess_model.sh ./model_sources/model-base.pl ./model_sources/*.pl
Fri Mar 15 13:44:41 CET 2024

##### UC1 #####
{ /usr/bin/time -f "\n  real      %E\n  real [s]  %e\n  user [s]  %U\n  sys  [s]  %S\n  mem  [KB] %M\n  avgm [KB] %K" scasp -s0 --dcc ../../model-original-wcache.pl ./uc1.pl ; } 2>&1
NOTE: DCC activates the use of the --prev_forall implementation
% QUERY:?- not_holdsAt(pump_running,50),happens(pump_started,60),happens(basal_delivery_started,60),holdsAt(pump_running,70),holdsAt(basal_delivery_enabled,70),happens(pump_stopped,6000),happens(basal_delivery_stopped,6000),not_holdsAt(pump_running,6010).

	ANSWER:	1 (in 252.804 ms)

MODEL:
{ not_holdsAt(pump_running,50),  initiallyN(pump_running),  happens(pump_started,60),  happens(start_button_pressed_valid,60),  happens(start_button_pressed,60),  not_holdsAt(pump_running,60),  not_holdsAt(alarm_active,60),  initiallyN(alarm_active),  happens(basal_delivery_started,60),  holdsAt(pump_running,70),  holdsAt(basal_delivery_enabled,70),  happens(pump_stopped,6000),  happens(stop_button_pressed_valid,6000),  happens(stop_button_pressed,6000),  holdsAt(pump_running,6000),  happens(basal_delivery_stopped,6000),  holdsAt(basal_delivery_enabled,6000),  not_holdsAt(pump_running,6010) }
BINDINGS:


  real      0:01.13
  real [s]  1.13
  user [s]  0.93
  sys  [s]  0.04
  mem  [KB] 30108
  avgm [KB] 0

##### UC2 #####
{ /usr/bin/time -f "\n  real      %E\n  real [s]  %e\n  user [s]  %U\n  sys  [s]  %S\n  mem  [KB] %M\n  avgm [KB] %K" scasp -s0 --dcc ../../model-original-wcache.pl ./uc2.pl ; } 2>&1
NOTE: DCC activates the use of the --prev_forall implementation
% QUERY:?- holdsAt(basal_delivery_enabled,70),not_happens(patient_bolus_denied_too_soon,120),not_happens(patient_bolus_denied_max_dose,120),happens(patient_bolus_delivery_started,120),initiallyP(vtbi(X1)),holdsAt(patient_bolus_drug_delivered(X2),121),X1 = X2,happens(patient_bolus_completed,121),happens(basal_delivery_started,121),holdsAt(basal_delivery_enabled,122).

	ANSWER:	1 (in 836.48 ms)

MODEL:
{ holdsAt(basal_delivery_enabled,70),  happens(basal_delivery_started,60),  happens(start_button_pressed_valid,60),  happens(start_button_pressed,60),  not_holdsAt(pump_running,60),  initiallyN(pump_running),  not_holdsAt(alarm_active,60),  initiallyN(alarm_active),  not_happens(patient_bolus_denied_too_soon,120),  not_happensInInc(patient_bolus_denied_too_soon,120,120),  not_happens(patient_bolus_denied_max_dose,120),  not_happensInInc(patient_bolus_denied_max_dose,120,120),  happens(patient_bolus_delivery_started,120),  happens(patient_bolus_requested_valid,120),  initiallyP(vtbi_hard_limit_over_time(53/2,240)),  initiallyP(basal_flow_rate(1/10)),  initiallyP(basal_flow_rate_MlperHour(6)),  initiallyP(vtbi(1)),  initiallyP(patient_bolus_flow_rate(1)),  initiallyP(patient_bolus_flow_rate_MlperHour(60)),  initiallyP(pump_flow_rate_max(5/3)),  initiallyP(pump_flow_rate_max_MlperHour(100)),  holdsAt(total_drug_delivered(6),120),  trajectory(basal_delivery_enabled,60,total_drug_delivered(6),120),  holdsAt(total_drug_delivered(0),60),  initiallyP(pump_not_running),  trajectory(pump_not_running,0,total_drug_delivered(0),60),  initiallyP(initial_total_drug_delivered(0)),  holdsAt(total_drug_delivered(0),0),  trajectory(pump_not_running,0,total_drug_delivered(0),0),  holdsAt(patient_bolus_drug_delivered(1),121),  happens(patient_bolus_requested,120),  holdsAt(basal_delivery_enabled,120),  trajectory(patient_bolus_delivery_enabled,120,patient_bolus_drug_delivered(1),121),  happens(patient_bolus_completed,121),  not_happensIn(patient_bolus_delivery_started,120,121),  happens(basal_delivery_started,121),  not_holdsAt(clinician_bolus_is_suspended,121),  initiallyN(clinician_bolus_is_suspended),  holdsAt(basal_delivery_enabled,122) }
BINDINGS: 
X1 = 1 
X2 = 1


  real      0:01.74
  real [s]  1.74
  user [s]  1.52
  sys  [s]  0.05
  mem  [KB] 30188
  avgm [KB] 0

##### UC3a #####
{ /usr/bin/time -f "\n  real      %E\n  real [s]  %e\n  user [s]  %U\n  sys  [s]  %S\n  mem  [KB] %M\n  avgm [KB] %K" scasp -s0 --dcc ../../model-original-wcache.pl ./uc3a.pl ; } 2>&1
NOTE: DCC activates the use of the --prev_forall implementation
% QUERY:?- holdsAt(basal_delivery_enabled,70),happens(clinician_bolus_delivery_started(30),120),not_happensInInc(clinician_bolus_halted_max_dose,120,150),initiallyP(vtbi(X1)),holdsAt(clinician_bolus_drug_delivered(X2),150),30 #= 150-120,X1 = X2,happens(clinician_bolus_completed,150),happens(basal_delivery_started,150),holdsAt(basal_delivery_enabled,151).

	ANSWER:	1 (in 941.216 ms)

MODEL:
{ holdsAt(basal_delivery_enabled,70),  happens(basal_delivery_started,60),  happens(start_button_pressed_valid,60),  happens(start_button_pressed,60),  not_holdsAt(pump_running,60),  initiallyN(pump_running),  not_holdsAt(alarm_active,60),  initiallyN(alarm_active),  happens(clinician_bolus_delivery_started(30),120),  happens(clinician_bolus_requested_valid(30),120),  happens(clinician_bolus_requested(30),120),  initiallyP(min_t_between_patient_bolus(30)),  holdsAt(basal_delivery_enabled,120),  not_happensInInc(clinician_bolus_halted_max_dose,120,150),  initiallyP(vtbi(1)),  holdsAt(clinician_bolus_drug_delivered(1),150),  trajectory(clinician_bolus_delivery_enabled(30),120,clinician_bolus_drug_delivered(1),150),  initiallyP(basal_flow_rate(1/10)),  initiallyP(basal_flow_rate_MlperHour(6)),  initiallyP(pump_flow_rate_max(5/3)),  initiallyP(pump_flow_rate_max_MlperHour(100)),  not_holdsAt(clinician_bolus_is_suspended,120),  initiallyN(clinician_bolus_is_suspended),  happens(clinician_bolus_completed,150),  not_happensIn(clinician_bolus_delivery_started,120,150),  happens(basal_delivery_started,150),  not_happens(patient_bolus_delivery_started,150),  not_happensInInc(patient_bolus_delivery_started,150,150),  holdsAt(basal_delivery_enabled,151) }
BINDINGS: 
X1 = 1 
X2 = 1


  real      0:02.15
  real [s]  2.15
  user [s]  1.83
  sys  [s]  0.07
  mem  [KB] 30184
  avgm [KB] 0

##### UC3b #####
{ /usr/bin/time -f "\n  real      %E\n  real [s]  %e\n  user [s]  %U\n  sys  [s]  %S\n  mem  [KB] %M\n  avgm [KB] %K" scasp -s0 --dcc ../../model-original-wcache.pl ./uc3b.pl ; } 2>&1
NOTE: DCC activates the use of the --prev_forall implementation
% QUERY:?- holdsAt(basal_delivery_enabled,70),happens(clinician_bolus_delivery_started(30),120),happens(patient_bolus_delivery_started,123),happens(clinician_bolus_suspended(30),123),happens(patient_bolus_completed,124),happens(resumed_clinician_bolus_delivery_started(30),124),not_happensInInc(clinician_bolus_halted_max_dose,120,151),initiallyP(vtbi(X1)),holdsAt(clinician_bolus_drug_delivered(X2),151),30 #= 151-(120+1),X1 = X2,happens(clinician_bolus_completed,151),happens(basal_delivery_started,151),holdsAt(basal_delivery_enabled,152).

	ANSWER:	1 (in 11887.053 ms)

MODEL:
{ holdsAt(basal_delivery_enabled,70),  happens(basal_delivery_started,60),  happens(start_button_pressed_valid,60),  happens(start_button_pressed,60),  not_holdsAt(pump_running,60),  initiallyN(pump_running),  not_holdsAt(alarm_active,60),  initiallyN(alarm_active),  happens(clinician_bolus_delivery_started(30),120),  happens(clinician_bolus_requested_valid(30),120),  happens(clinician_bolus_requested(30),120),  initiallyP(min_t_between_patient_bolus(30)),  holdsAt(basal_delivery_enabled,120),  happens(patient_bolus_delivery_started,123),  happens(patient_bolus_requested_valid,123),  happens(patient_bolus_requested,123),  holdsAt(clinician_bolus_delivery_enabled,123),  not_happens(patient_bolus_denied_too_soon,123),  not_happensInInc(patient_bolus_denied_too_soon,123,123),  initiallyP(vtbi_hard_limit_over_time(53/2,240)),  initiallyP(basal_flow_rate(1/10)),  initiallyP(basal_flow_rate_MlperHour(6)),  initiallyP(vtbi(1)),  initiallyP(patient_bolus_flow_rate(1)),  initiallyP(patient_bolus_flow_rate_MlperHour(60)),  initiallyP(pump_flow_rate_max(5/3)),  initiallyP(pump_flow_rate_max_MlperHour(100)),  holdsAt(total_drug_delivered(32/5),123),  trajectory(clinician_bolus_delivery_enabled(30),120,total_drug_delivered(32/5),123),  holdsAt(total_drug_delivered(6),120),  trajectory(basal_delivery_enabled,60,total_drug_delivered(6),120),  holdsAt(total_drug_delivered(0),60),  initiallyP(pump_not_running),  trajectory(pump_not_running,0,total_drug_delivered(0),60),  initiallyP(initial_total_drug_delivered(0)),  holdsAt(total_drug_delivered(0),0),  trajectory(pump_not_running,0,total_drug_delivered(0),0),  happens(clinician_bolus_suspended(30),123),  holdsAt(clinician_bolus_delivery_enabled(30),123),  not_happens(clinician_bolus_completed,123),  not_happensInInc(clinician_bolus_completed,123,123),  happens(patient_bolus_completed,124),  not_happensIn(patient_bolus_delivery_started,123,124),  trajectory(patient_bolus_delivery_enabled,123,patient_bolus_drug_delivered(1),124),  holdsAt(patient_bolus_drug_delivered(1),124),  happens(resumed_clinician_bolus_delivery_started(30),124),  happens(clinician_bolus_resumed(30),124),  holdsAt(clinician_bolus_is_suspended(30),124),  not_happensInInc(clinician_bolus_halted_max_dose,120,151),  holdsAt(clinician_bolus_drug_delivered(1),151),  happens(clinician_bolus_delivery_started(30),124),  trajectory(clinician_bolus_delivery_enabled(30),124,clinician_bolus_drug_delivered(1),151),  holdsAt(clinician_bolus_suspended_drug_delivered(1/10),124),  holdsAt(clinician_bolus_drug_delivered(1/10),123),  trajectory(clinician_bolus_delivery_enabled(30),120,clinician_bolus_drug_delivered(1/10),123),  not_holdsAt(clinician_bolus_is_suspended,120),  happens(clinician_bolus_completed,151),  not_happensIn(clinician_bolus_delivery_started,124,151),  happens(basal_delivery_started,151),  not_happens(patient_bolus_delivery_started,151),  not_happensInInc(patient_bolus_delivery_started,151,151),  holdsAt(basal_delivery_enabled,152) }
BINDINGS: 
X1 = 1 
X2 = 1


  real      0:12.97
  real [s]  12.97
  user [s]  12.77
  sys  [s]  0.02
  mem  [KB] 30940
  avgm [KB] 0

##### UC7a #####
{ /usr/bin/time -f "\n  real      %E\n  real [s]  %e\n  user [s]  %U\n  sys  [s]  %S\n  mem  [KB] %M\n  avgm [KB] %K" scasp -s0 --dcc ../../model-original-wcache.pl ./uc7a.pl ; } 2>&1
NOTE: DCC activates the use of the --prev_forall implementation
% QUERY:?- holdsAt(basal_delivery_enabled,70),happens(pump_stopped,120),happens(basal_delivery_stopped,120),not_holdsAt(basal_delivery_enabled,121),happens(pump_started,240),happens(basal_delivery_started,240),holdsAt(pump_running,241),holdsAt(basal_delivery_enabled,241).

	ANSWER:	1 (in 847.04 ms)

MODEL:
{ holdsAt(basal_delivery_enabled,70),  happens(basal_delivery_started,60),  happens(start_button_pressed_valid,60),  happens(start_button_pressed,60),  not_holdsAt(pump_running,60),  initiallyN(pump_running),  not_holdsAt(alarm_active,60),  initiallyN(alarm_active),  happens(pump_stopped,120),  happens(stop_button_pressed_valid,120),  happens(stop_button_pressed,120),  holdsAt(pump_running,120),  happens(pump_started,60),  happens(basal_delivery_stopped,120),  holdsAt(basal_delivery_enabled,120),  not_holdsAt(basal_delivery_enabled,121),  happens(pump_started,240),  happens(start_button_pressed_valid,240),  happens(start_button_pressed,240),  not_holdsAt(pump_running,240),  not_holdsAt(alarm_active,240),  happens(basal_delivery_started,240),  holdsAt(pump_running,241),  holdsAt(basal_delivery_enabled,241) }
BINDINGS:


  real      0:01.83
  real [s]  1.83
  user [s]  1.60
  sys  [s]  0.03
  mem  [KB] 30248
  avgm [KB] 0

##### UC7b #####
{ /usr/bin/time -f "\n  real      %E\n  real [s]  %e\n  user [s]  %U\n  sys  [s]  %S\n  mem  [KB] %M\n  avgm [KB] %K" scasp -s0 --dcc ../../model-original-wcache.pl ./uc7b.pl ; } 2>&1
NOTE: DCC activates the use of the --prev_forall implementation
% QUERY:?- holdsAt(basal_delivery_enabled,70),happens(patient_bolus_delivery_started,239/2),happens(pump_stopped,120),happens(patient_bolus_delivery_stopped,120),not_holdsAt(patient_bolus_delivery_enabled,121),happens(pump_started,240),happens(basal_delivery_started,240),holdsAt(pump_running,241),holdsAt(basal_delivery_enabled,241).

	ANSWER:	1 (in 2573.262 ms)

MODEL:
{ holdsAt(basal_delivery_enabled,70),  happens(basal_delivery_started,60),  happens(start_button_pressed_valid,60),  happens(start_button_pressed,60),  not_holdsAt(pump_running,60),  initiallyN(pump_running),  not_holdsAt(alarm_active,60),  initiallyN(alarm_active),  happens(patient_bolus_delivery_started,239/2),  happens(patient_bolus_requested_valid,239/2),  happens(patient_bolus_requested,239/2),  holdsAt(basal_delivery_enabled,239/2),  not_happens(patient_bolus_denied_too_soon,239/2),  not_happensInInc(patient_bolus_denied_too_soon,239/2,239/2),  initiallyP(vtbi_hard_limit_over_time(53/2,240)),  initiallyP(basal_flow_rate(1/10)),  initiallyP(basal_flow_rate_MlperHour(6)),  initiallyP(vtbi(1)),  initiallyP(patient_bolus_flow_rate(1)),  initiallyP(patient_bolus_flow_rate_MlperHour(60)),  initiallyP(pump_flow_rate_max(5/3)),  initiallyP(pump_flow_rate_max_MlperHour(100)),  holdsAt(total_drug_delivered(119/20),239/2),  trajectory(basal_delivery_enabled,60,total_drug_delivered(119/20),239/2),  holdsAt(total_drug_delivered(0),60),  initiallyP(pump_not_running),  trajectory(pump_not_running,0,total_drug_delivered(0),60),  initiallyP(initial_total_drug_delivered(0)),  holdsAt(total_drug_delivered(0),0),  trajectory(pump_not_running,0,total_drug_delivered(0),0),  happens(pump_stopped,120),  happens(stop_button_pressed_valid,120),  happens(stop_button_pressed,120),  holdsAt(pump_running,120),  happens(pump_started,60),  happens(patient_bolus_delivery_stopped,120),  happens(patient_bolus_halted,120),  happens(patient_bolus_halted_stop_button,120),  holdsAt(patient_bolus_delivery_enabled,120),  not_holdsAt(patient_bolus_delivery_enabled,121),  happens(pump_started,240),  happens(start_button_pressed_valid,240),  happens(start_button_pressed,240),  not_holdsAt(pump_running,240),  not_holdsAt(alarm_active,240),  happens(basal_delivery_started,240),  holdsAt(pump_running,241),  holdsAt(basal_delivery_enabled,241) }
BINDINGS:


  real      0:03.48
  real [s]  3.48
  user [s]  3.30
  sys  [s]  0.01
  mem  [KB] 30216
  avgm [KB] 0

##### UC7c #####
{ /usr/bin/time -f "\n  real      %E\n  real [s]  %e\n  user [s]  %U\n  sys  [s]  %S\n  mem  [KB] %M\n  avgm [KB] %K" scasp -s0 --dcc ../../model-original-wcache.pl ./uc7c.pl ; } 2>&1
NOTE: DCC activates the use of the --prev_forall implementation
% QUERY:?- holdsAt(basal_delivery_enabled,70),happens(clinician_bolus_delivery_started(30),118),happens(pump_stopped,120),happens(clinician_bolus_delivery_stopped,120),not_holdsAt(clinician_bolus_delivery_enabled,121),happens(pump_started,240),happens(basal_delivery_started,240),holdsAt(pump_running,241),holdsAt(basal_delivery_enabled,241).

	ANSWER:	1 (in 2769.108 ms)

MODEL:
{ holdsAt(basal_delivery_enabled,70),  happens(basal_delivery_started,60),  happens(start_button_pressed_valid,60),  happens(start_button_pressed,60),  not_holdsAt(pump_running,60),  initiallyN(pump_running),  not_holdsAt(alarm_active,60),  initiallyN(alarm_active),  happens(clinician_bolus_delivery_started(30),118),  happens(clinician_bolus_requested_valid(30),118),  happens(clinician_bolus_requested(30),118),  initiallyP(min_t_between_patient_bolus(30)),  holdsAt(basal_delivery_enabled,118),  happens(pump_stopped,120),  happens(stop_button_pressed_valid,120),  happens(stop_button_pressed,120),  holdsAt(pump_running,120),  happens(pump_started,60),  happens(clinician_bolus_delivery_stopped,120),  happens(clinician_bolus_halted,120),  happens(clinician_bolus_halted_stop_button,120),  holdsAt(clinician_bolus_delivery_enabled,120),  not_holdsAt(clinician_bolus_delivery_enabled,121),  happens(pump_started,240),  happens(start_button_pressed_valid,240),  happens(start_button_pressed,240),  not_holdsAt(pump_running,240),  not_holdsAt(alarm_active,240),  happens(basal_delivery_started,240),  holdsAt(pump_running,241),  holdsAt(basal_delivery_enabled,241) }
BINDINGS:


  real      0:03.67
  real [s]  3.67
  user [s]  3.47
  sys  [s]  0.04
  mem  [KB] 30248
  avgm [KB] 0
Fri Mar 15 13:45:08 CET 2024
